[I 2021-10-24 18:38:07.130 ServerApp] jupyterlab | extension was successfully linked.
[I 2021-10-24 18:38:07.283 ServerApp] nbclassic | extension was successfully linked.
[I 2021-10-24 18:38:07.312 ServerApp] nbclassic | extension was successfully loaded.
[I 2021-10-24 18:38:07.312 LabApp] JupyterLab extension loaded from /Users/ydchen/miniforge3/lib/python3.9/site-packages/jupyterlab
[I 2021-10-24 18:38:07.312 LabApp] JupyterLab application directory is /Users/ydchen/miniforge3/share/jupyter/lab
[I 2021-10-24 18:38:07.314 ServerApp] jupyterlab | extension was successfully loaded.
[I 2021-10-24 18:38:07.315 ServerApp] The port 8888 is already in use, trying another port.
[I 2021-10-24 18:38:07.315 ServerApp] The port 8889 is already in use, trying another port.
[I 2021-10-24 18:38:07.315 ServerApp] The port 8890 is already in use, trying another port.
[I 2021-10-24 18:38:07.316 ServerApp] The port 8891 is already in use, trying another port.
[I 2021-10-24 18:38:07.316 ServerApp] The port 8892 is already in use, trying another port.
[I 2021-10-24 18:38:07.316 ServerApp] Serving notebooks from local directory: /Users/ydchen/Desktop/BS6200-Project-Yaoding_Chen
[I 2021-10-24 18:38:07.316 ServerApp] Jupyter Server 1.11.1 is running at:
[I 2021-10-24 18:38:07.316 ServerApp] http://localhost:8823/lab
[I 2021-10-24 18:38:07.316 ServerApp]  or http://127.0.0.1:8823/lab
[I 2021-10-24 18:38:07.316 ServerApp] Use Control-C to stop this server and shut down all kernels (twice to skip confirmation).
[I 2021-10-24 18:38:08.731 LabApp] 302 GET /lab (::1) 1.88ms
[I 2021-10-24 18:38:11.848 ServerApp] 302 POST /login?next=%2Flab (::1) 37.91ms
[I 2021-10-24 18:38:13.871 LabApp] Build is up to date
[W 2021-10-24 18:38:13.896 ServerApp] 404 GET /api/contents/EpilepsyFFT.ipynb?content=0&1635071893874 (::1): No such file or directory: EpilepsyFFT.ipynb
[W 2021-10-24 18:38:13.897 ServerApp] No such file or directory: EpilepsyFFT.ipynb
[W 2021-10-24 18:38:13.897 ServerApp] 404 GET /api/contents/EpilepsyFFT.ipynb?content=0&1635071893874 (::1) 1.56ms referer=http://localhost:8823/lab
[I 2021-10-24 18:38:16.110 ServerApp] Creating new notebook in 
[I 2021-10-24 18:38:16.460 ServerApp] Kernel started: c711d4ab-57a0-4e61-be1f-a90a2676f4eb
[I 2021-10-24 18:40:16.473 ServerApp] Saving file at /Untitled.ipynb
[I 2021-10-24 18:54:17.225 ServerApp] Starting buffering for c711d4ab-57a0-4e61-be1f-a90a2676f4eb:02bc9fd2-8aab-4f52-b7ad-e8d95f2a213c
[I 2021-10-24 21:36:31.740 LabApp] Build is up to date
[W 2021-10-24 21:36:31.964 ServerApp] Notebook Untitled.ipynb is not trusted
[I 2021-10-24 21:37:16.530 ServerApp] Kernel restarted: c711d4ab-57a0-4e61-be1f-a90a2676f4eb
[I 2021-10-24 21:37:16.756 ServerApp] Starting buffering for c711d4ab-57a0-4e61-be1f-a90a2676f4eb:7f4a3c3d-e2c4-4587-a722-6e41bb07e629
[I 2021-10-24 21:37:16.766 ServerApp] Restoring connection for c711d4ab-57a0-4e61-be1f-a90a2676f4eb:7f4a3c3d-e2c4-4587-a722-6e41bb07e629
[I 2021-10-24 21:37:26.536 ServerApp] Kernel restarted: c711d4ab-57a0-4e61-be1f-a90a2676f4eb
[I 2021-10-24 21:37:26.855 ServerApp] Starting buffering for c711d4ab-57a0-4e61-be1f-a90a2676f4eb:7f4a3c3d-e2c4-4587-a722-6e41bb07e629
[I 2021-10-24 21:37:26.866 ServerApp] Restoring connection for c711d4ab-57a0-4e61-be1f-a90a2676f4eb:7f4a3c3d-e2c4-4587-a722-6e41bb07e629
[I 2021-10-24 21:37:38.012 ServerApp] Kernel restarted: c711d4ab-57a0-4e61-be1f-a90a2676f4eb
[I 2021-10-24 21:37:38.332 ServerApp] Starting buffering for c711d4ab-57a0-4e61-be1f-a90a2676f4eb:7f4a3c3d-e2c4-4587-a722-6e41bb07e629
[I 2021-10-24 21:37:38.343 ServerApp] Restoring connection for c711d4ab-57a0-4e61-be1f-a90a2676f4eb:7f4a3c3d-e2c4-4587-a722-6e41bb07e629
[I 2021-10-24 21:37:52.689 ServerApp] Kernel restarted: c711d4ab-57a0-4e61-be1f-a90a2676f4eb
[I 2021-10-24 21:37:53.014 ServerApp] Starting buffering for c711d4ab-57a0-4e61-be1f-a90a2676f4eb:7f4a3c3d-e2c4-4587-a722-6e41bb07e629
[I 2021-10-24 21:37:53.025 ServerApp] Restoring connection for c711d4ab-57a0-4e61-be1f-a90a2676f4eb:7f4a3c3d-e2c4-4587-a722-6e41bb07e629
[I 2021-10-24 21:38:33.171 ServerApp] Saving file at /Untitled.ipynb
